
 Primary working directories    : /mnt/storage/home/lb17101/scratch/1382168/molpro.6J9QtnpldC
 Secondary working directories  : /mnt/storage/home/lb17101/scratch/1382168/molpro.6J9QtnpldC
 Wavefunction directory         : /mnt/storage/home/lb17101/optimizations/11/
 Main file repository           : /mnt/storage/home/lb17101/optimizations/11/

 id        : simonbennie

 Nodes                   nprocs
 compute073.bc4.acrc.priv    4

 Using customized tuning parameters: mindgm=1; mindgv=20; mindgc=4; mindgr=1; noblas=0; minvec=7
 default implementation of scratch files=sf  


 Variables initialized (924), CPU time= 0.01 sec
 memory,536,m
 
 geomtyp=xyz
 
 nosym
 noorient
 gdirect
 angstrom
 
 geometry=input.xyz
 Including file /mnt/storage/home/lb17101/optimizations/11/input.xyz
 
 set,charge=0
 
 basis=svp
 df-hf
 {cf-uks,pbe;}
 {optg,method=slrf,maxiter=10;
 constraint,3.600,angstrom,bond,atoms=[H11,C6]
 constraint,1.600,angstrom,bond,atoms=[H11,C17]
 constraint,180,deg,angle,atoms=[C6,H11,C17]
 {slopt;}}
 {cf-uks,pbe0;}
 {optg,method=slrf,maxiter=20;
 constraint,3.600,angstrom,bond,atoms=[H11,C6]
 constraint,1.600,angstrom,bond,atoms=[H11,C17]
 constraint,180,deg,angle,atoms=[C6,H11,C17]
 {slopt;}}
 {cf-uks,pbe;}
 basis=tzvp
 {cf-uks,pbe;}
 {cf-uks,pbe0;}
 {uks,pbe0;}
 {uks,b3lyp;}
 Commands  initialized (760), CPU time= 0.01 sec, 616 directives.
 Default parameters read. Elapsed time= 0.05 sec

 Checking input...
 Passed
1


                                         ***  PROGRAM SYSTEM MOLPRO  ***
                                       Copyright, TTI GmbH Stuttgart, 2015
                                    Version 2018.1 linked Oct 16 2018 14:32:03


 **********************************************************************************************************************************
 LABEL *                                                                                 
  64 bit mpp version                                                                     DATE: 13-Nov-18          TIME: 11:32:34  
 **********************************************************************************************************************************

 SHA1:             d673ad554fd0a1ae99daa449513f8b88cca0f763
 **********************************************************************************************************************************
 SETTING GEOMTYP        =    XYZ

 Variable memory set to  536000000 words,  buffer space 

 ZSYMEL=NOSYM
 ZUNIT=ANG

 SETTING CHARGE         =     0.00000000D+00                                  
 SETTING BASIS          =    SVP


 Recomputing integrals since basis changed


 Using spherical harmonics

 Library entry C      S def2-SVP             selected for orbital group  1
 Library entry C      P def2-SVP             selected for orbital group  1
 Library entry C      D def2-SVP             selected for orbital group  1
 Library entry H      S def2-SVP             selected for orbital group  2
 Library entry H      P def2-SVP             selected for orbital group  2
 Library entry N      S def2-SVP             selected for orbital group  8
 Library entry N      P def2-SVP             selected for orbital group  8
 Library entry N      D def2-SVP             selected for orbital group  8


 PROGRAM * SEWARD (Integral evaluation for generally contracted gaussian basis sets)     Author: Roland Lindh, 1990

 Geometry written to block  1 of record 700


 Point group  C1  



 ATOMIC COORDINATES

 NR  ATOM    CHARGE       X              Y              Z

   1  C0      6.00  -15.623034457    4.456181068   -0.744963817
   2  C1      6.00  -12.754161497    4.471148812   -0.270646497
   3  H2      1.00  -16.050724045    4.674077832   -2.791508804
   4  H3      1.00  -16.572723553    6.025924871    0.266890858
   5  H4      1.00  -16.494424527    2.659733771   -0.105170181
   6  C5      6.00  -11.570266300    7.002201743   -1.086802570
   7  C6      6.00  -11.492126434    2.196457185   -1.416610084
   8  H7      1.00  -12.474168993    4.333386856    1.830631913
   9  H8      1.00  -11.763135953    7.285372778   -3.155238719
  10  H9      1.00   -9.533873707    7.111716548   -0.612814725
  11  H10     1.00  -12.520738188    8.609141184   -0.135413196
  12  H11     1.00  -13.007317023    2.744903906   -6.851534638
  13  H12     1.00  -12.665161079    0.480079678   -1.598889749
  14  C13     6.00   -8.691617909    1.890885500   -1.553555080
  15  H14     1.00   -7.738367918    3.530069106   -2.457983525
  16  H15     1.00   -8.137223237    0.166611698   -2.602303197
  17  H16     1.00   -7.827415309    1.731359762    0.371967837
  18  C17     6.00  -13.531628172    3.097804943   -8.831810575
  19  N18     7.00  -14.089116397    3.480071945  -10.933086168

 Bond lengths in Bohr (Angstrom)

 1-2  2.907857117  1-3  2.102080819  1-4  2.095198050  1-5  2.096635267  2-6  2.911004554
     ( 1.538771719)     ( 1.112373265)     ( 1.108731061)     ( 1.109491603)     ( 1.540437271)

  2- 7  2.842566981   2- 8  2.124322271   6- 9  2.096619336   6-10  2.093693570   6-11  2.095421895
       ( 1.504221667)       ( 1.124142935)       ( 1.109483172)       ( 1.107934924)       ( 1.108849514)

  7-13  2.086908695   7-14  2.820456698  12-18  2.078685669  14-15  2.100856790  14-16  2.092927664
       ( 1.104344523)       ( 1.492521409)       ( 1.099993085)       ( 1.111725537)       ( 1.107529624)

 14-17  2.116585245  18-19  2.207324240
       ( 1.120048677)       ( 1.168065685)

 Bond angles

  1-2-6  111.09939358   1-2-7  111.60137794   1-2-8  106.92075244   2-1-3  111.03911382

  2- 1- 4  111.38057269   2- 1- 5  111.38769550   2- 6- 9  110.89278884   2- 6-10  112.18344479

  2- 6-11  110.79429451   2- 7-13  116.34663244   2- 7-14  123.16888649   3- 1- 4  107.47545775

  3-1-5  107.53847579   4-1-5  107.82953177   6-2-7  113.71478466   6-2-8  106.26673734

  7- 2- 8  106.75971964   7-14-15  112.76201543   7-14-16  112.12347607   7-14-17  111.67904931

  9- 6-10  107.80351523   9- 6-11  107.61546168  10- 6-11  107.35429488  12-18-19  179.79963244

 13- 7-14  117.69536096  15-14-16  107.87231350  15-14-17  105.37802152  16-14-17  106.59532687

 NUCLEAR CHARGE:                   55
 NUMBER OF PRIMITIVE AOS:         259
 NUMBER OF SYMMETRY AOS:          252
 NUMBER OF CONTRACTIONS:          158   (  158A   )
 NUMBER OF CORE ORBITALS:           7   (    7A   )
 NUMBER OF VALENCE ORBITALS:       40   (   40A   )


 NUCLEAR REPULSION ENERGY  266.36079263


 Eigenvalues of metric

         1 0.186E-02 0.367E-02 0.455E-02 0.556E-02 0.740E-02 0.190E-01 0.201E-01 0.227E-01


 OPERATOR DM      FOR CENTER  0  COORDINATES:    0.000000    0.000000    0.000000


 **********************************************************************************************************************************
 DATASETS  * FILE   NREC   LENGTH (MB)   RECORD NAMES
              1      18       31.21       500      610      700      900      950      970     1000      129      960     1100   
                                          VAR    BASINP    GEOM    SYMINP    ZMAT    AOBASIS   BASIS     P2S    ABASIS      S 
                                         1400     1410     1200     1210     1080     1600     1650     1700   
                                           T        V       H0       H01     AOSYM     SMH    MOLCAS    OPER   

 PROGRAMS   *        TOTAL       INT
 CPU TIMES  *         0.45      0.32
 REAL TIME  *         0.79 SEC
 DISK USED  *        31.83 MB (local),      127.32 MB (total)
 GA USED    *         0.00 MB       (max)       0.00 MB       (current)
 **********************************************************************************************************************************


 PROGRAM * RHF-SCF (OPEN SHELL)       Authors: W. Meyer, H.-J. Werner


 NUMBER OF ELECTRONS:      28+   27-    SPACE SYMMETRY=1    SPIN SYMMETRY: Doublet 
 CONVERGENCE THRESHOLDS:    1.00E-06 (Density)    1.00E-07 (Energy)
 INTEGRAL THRESHOLDS:       1.00E-11 (Initial)    1.00E-11 (Final)
 MAX. NUMBER OF ITERATIONS:       60
 INTERPOLATION TYPE:            DIIS
 INTERPOLATION STEPS:              2 (START)      1 (STEP)
 LEVEL SHIFTS:                 -0.60 (CLOSED) -0.30 (OPEN) 




 Basis set DEF2-SVP/JKFIT generated.     Number of basis functions:   560 

 Orbital guess generated from atomic densities. Full valence occupancy:   28
 Using density fitting in orbital guess

 Coulomb and exchange fitting
 Thresholds for fitting:       THRAO_COUL= 1.0D-14    THRAO_EXCH= 1.0D-12    THRMO= 1.0D-11    THRPROD= 1.0D-11    THRASM= 1.0D-11
                               THR2HLF=    1.0D-11

 Molecular orbital dump at record        2100.2

 Initial alpha occupancy:  28
 Initial beta  occupancy:  27
 Wave function symmetry:    1

 ITERATION   DDIFF            GRAD            ENERGY        2-EL.EN.            DIPOLE MOMENTS         DIIS   CPU(IT)  CPU(TOT)  ORB.
    1      0.000D+00      0.000D+00      -288.25515683    724.827716    0.67741   -0.23183    2.05219    0      0.2      0.5     start
    2      0.000D+00      0.406D-02      -288.33519995    721.922907    0.46565   -0.17005    1.54480    1      0.2      0.7     diag,B
    3      0.309D-02      0.158D-02      -288.35112100    722.030083    0.44885   -0.19605    1.57807    2      0.2      0.9     diag,B
    4      0.154D-02      0.759D-03      -288.35755801    721.990573    0.41407   -0.19475    1.51512    3      0.2      1.0     diag,B
    5      0.137D-02      0.213D-03      -288.35821314    721.956796    0.40924   -0.19627    1.50450    4      0.2      1.2     diag,B
    6      0.557D-03      0.747D-04      -288.35830788    721.929508    0.40777   -0.19595    1.49795    5      0.2      1.4     diag,B
    7      0.256D-03      0.223D-04      -288.35831674    721.921956    0.40736   -0.19545    1.49531    6      0.2      1.6     fixocc
    8      0.755D-04      0.734D-05      -288.35831791    721.921394    0.40711   -0.19509    1.49409    7      0.2      1.8     diag,B
    9      0.289D-04      0.264D-05      -288.35831809    721.921643    0.40702   -0.19494    1.49373    8      0.2      2.0     diag,B
   10      0.135D-04      0.845D-06      -288.35831811    721.921787    0.40701   -0.19490    1.49369    9      0.2      2.1     orth
   11      0.451D-05      0.308D-06      -288.35831812    721.921789    0.40701   -0.19489    1.49370    9      0.2      2.3     diag,B
   12      0.165D-05      0.106D-06      -288.35831812    721.921778    0.40701   -0.19489    1.49371    9      0.2      2.5     diag,B
   13      0.556D-06      0.365D-07      -288.35831812    721.921773    0.40701   -0.19489    1.49371    0      0.2      2.7     orth

 Final alpha occupancy:  28
 Final beta  occupancy:  27

 !RHF STATE  1.1 Energy              -288.358318116316
 Nuclear energy                       266.36079263
 One-electron energy                 -915.67999731
 Two-electron energy                  360.96088657
 Virial quotient                       -1.00689617
 !RHF STATE  1.1 Dipole moment          0.40700983    -0.19488966     1.49370591
 Dipole moment /Debye                   1.03444804    -0.49532765     3.79637307

 Orbital energies:

         1.1          2.1          3.1          4.1          5.1          6.1          7.1          8.1          9.1         10.1
    -15.598835   -11.299230   -11.247100   -11.242892   -11.238344   -11.236433   -11.235547    -1.211249    -1.086418    -0.990694

        11.1         12.1         13.1         14.1         15.1         16.1         17.1         18.1         19.1         20.1
     -0.926015    -0.848804    -0.786408    -0.740048    -0.636462    -0.618646    -0.596091    -0.571540    -0.562510    -0.548054

        21.1         22.1         23.1         24.1         25.1         26.1         27.1         28.1         29.1         30.1
     -0.539342    -0.524043    -0.487885    -0.486673    -0.485850    -0.480671    -0.474620    -0.357411     0.150175     0.166889


 HOMO     28.1    -0.357411 =      -9.7256eV
 LUMO     29.1     0.150175 =       4.0865eV
 LUMO-HOMO         0.507586 =      13.8121eV


 **********************************************************************************************************************************
 DATASETS  * FILE   NREC   LENGTH (MB)   RECORD NAMES
              1      18       31.21       500      610      700      900      950      970     1000      129      960     1100   
                                          VAR    BASINP    GEOM    SYMINP    ZMAT    AOBASIS   BASIS     P2S    ABASIS      S 
                                         1400     1410     1200     1210     1080     1600     1650     1700   
                                           T        V       H0       H01     AOSYM     SMH    MOLCAS    OPER   

              2       4        3.88       700     1000      520     2100   
                                         GEOM     BASIS   MCVARS     RHF  

 PROGRAMS   *        TOTAL     DF-HF       INT
 CPU TIMES  *         3.15      2.70      0.32
 REAL TIME  *         3.70 SEC
 DISK USED  *        38.78 MB (local),      155.11 MB (total)
 SF USED    *        34.96 MB
 GA USED    *         3.27 MB       (max)       0.00 MB       (current)
 **********************************************************************************************************************************

 Density functional group PBE=PBEX+PBEC
 Functional: PBEX(Automatically generated (new) PBEX)                          Gradient terms: 1
 Functional: PBEC(Automatically generated (new) PBEC)                          Gradient terms: 1
 Use libxcgrid:  F
 Use grid at  1800.2

 Functional: PBEX                      Factor:  1.0000
 Functional: PBEC                      Factor:  1.0000

 Generated new metagrid on record  1800.2 with target accuracy 1.0D-06 and 63368 points in CPU time    0.4
 Computed new grid on record 1800.1 in CPU time    0.4
  129907 words reserved for DFT integration

 PROGRAM * UKS-SCF (Unrestricted Kohn-Sham)     Authors: W. Meyer, H.-J. Werner, P.J. Knowles, 1993

 NUMBER OF ELECTRONS:      28+   27-    SPACE SYMMETRY=1    SPIN SYMMETRY: Doublet 
 CONVERGENCE THRESHOLDS:    1.00E-06 (Density)    1.00E-06 (Energy)
 INTEGRAL THRESHOLDS:       1.00E-11 (Initial)    1.00E-11 (Final)
 MAX. NUMBER OF ITERATIONS:       60
 INTERPOLATION TYPE:            DIIS
 INTERPOLATION STEPS:              2 (START)      1 (STEP)
 LEVEL SHIFTS:                 -0.20 (ALPHA)  -0.20 (BETA) 



 Use fine grid record 1800.2 for energy threshold  1.0D-06

 Basis set DEF2-SVP/JFIT generated.      Number of basis functions:   475 
 Coulomb fitting
 Screening thresholds:    THRAO_COUL= 1.0D-14    THRAO= 1.0D-12    THROV= 1.0D-12

 Reserved 1 MW to cache 100.0% of significant integrals (4 MW global). CPU: 0.1 sec

 Molecular orbitals read from record     2100.2  Type=RHF/CANONICAL (state 1.1)

 Molecular orbital dump at record        2200.2

 Initial alpha occupation  28
 Initial beta  occupation  27

 ITERATION    DDIFF          GRAD             ENERGY        2-EL.EN.            DIPOLE MOMENTS         DIIS  CPU(IT) CPU(TOT)
    1      0.000D+00      0.000D+00      -289.86338031    805.399339    0.40701   -0.19489    1.49371    0      0.2      0.3
    2      0.410D-02      0.216D-02      -289.90464828    808.460075    0.39267   -0.15660    1.39652    1      0.2      0.4
    3      0.138D-02      0.440D-03      -289.90832009    807.092031    0.39515   -0.15013    1.37627    2      0.1      0.6
    4      0.736D-03      0.193D-03      -289.90928625    807.607657    0.39620   -0.14593    1.35977    3      0.2      0.7
    5      0.317D-03      0.799D-04      -289.90941664    807.540764    0.41065   -0.15123    1.40292    4      0.2      0.9
    6      0.139D-03      0.852D-04      -289.90951198    807.475276    0.40415   -0.14524    1.37617    5      0.2      1.1
    7      0.877D-04      0.210D-04      -289.90952764    807.487587    0.40677   -0.14716    1.38437    6      0.1      1.2
    8      0.322D-04      0.767D-05      -289.90952980    807.489113    0.40708   -0.14633    1.38485    7      0.2      1.4
    9      0.137D-04      0.280D-05      -289.90953007    807.489415    0.40728   -0.14652    1.38516    8      0.1      1.5
   10      0.587D-05      0.126D-05      -289.90953012    807.488575    0.40728   -0.14649    1.38546    8      0.2      1.6
   11      0.209D-05      0.288D-06      -289.90953013    807.488592    0.40730   -0.14650    1.38548    8      0.2      1.8
   12      0.548D-06      0.101D-06      -289.90953013    807.488657    0.40729   -0.14651    1.38548    8      0.1      1.9
   13      0.246D-06      0.576D-07      -289.90953013    807.488604    0.40729   -0.14650    1.38548    7      0.2      2.1

 Final alpha occupancy:  28
 Final beta  occupancy:  27

 !UKS STATE  1.1 Energy              -289.909530127509
 Nuclear energy                       266.36079263
 One-electron energy                 -916.74881357
 Two-electron energy                  403.74430205
 Density functional                   -43.26581123     PBEX=-41.50719124 PBEC= -1.75861999
 Virial quotient                       -1.01213296
 !UKS STATE  1.1 Dipole moment          0.40729348    -0.14650224     1.38548143
 Dipole moment /Debye                   1.03516897    -0.37234717     3.52131190

 Orbital energies for positive spin:

         1.1          2.1          3.1          4.1          5.1          6.1          7.1          8.1          9.1         10.1
    -14.008857    -9.945506    -9.916599    -9.916383    -9.906908    -9.899206    -9.898927    -0.818171    -0.739444    -0.668274

        11.1         12.1         13.1         14.1         15.1         16.1         17.1         18.1         19.1         20.1
     -0.615751    -0.564916    -0.528204    -0.490481    -0.422246    -0.407436    -0.390805    -0.370654    -0.349641    -0.341960

        21.1         22.1         23.1         24.1         25.1         26.1         27.1         28.1         29.1         30.1
     -0.329817    -0.316695    -0.315015    -0.314832    -0.306718    -0.300985    -0.295007    -0.166837    -0.022049    -0.019550

 Orbital energies for negative spin:

         1.1          2.1          3.1          4.1          5.1          6.1          7.1          8.1          9.1         10.1
    -14.008855    -9.945347    -9.917068    -9.907631    -9.903915    -9.898794    -9.898759    -0.818097    -0.731702    -0.661270

        11.1         12.1         13.1         14.1         15.1         16.1         17.1         18.1         19.1         20.1
     -0.614885    -0.556877    -0.527454    -0.480492    -0.416740    -0.404752    -0.386556    -0.362132    -0.348957    -0.340894

        21.1         22.1         23.1         24.1         25.1         26.1         27.1         28.1         29.1         30.1
     -0.326922    -0.316607    -0.314891    -0.314738    -0.303315    -0.298871    -0.290429    -0.095617    -0.021851    -0.019360


 HOMO     28.1    -0.166837 =      -4.5399eV
 LUMO    -28.1    -0.095617 =      -2.6019eV
 LUMO-HOMO         0.071221 =       1.9380eV

 EXPECTATION VALUE OF S**2:             0.75333059

 Occupation number threshold for pseudo-canonical orbitals: 1.9990 (occupied), 0.0010 (virtual)

 Number of pseudo-canonical occupied orbitals per symmetry:   27
 Number of active natural orbitals per symmetry:               1

 Natural orbitals saved to record    2200.2 (Orbital set 3)

 Orbital spaces for UNO-CAS (Min. occupation: 0.020  Max. occupation: 1.980):

 Closed:       27
 Active:        1


 **********************************************************************************************************************************
 DATASETS  * FILE   NREC   LENGTH (MB)   RECORD NAMES
              1      19       31.21       500      610      700      900      950      970     1000      129      960     1100   
                                          VAR    BASINP    GEOM    SYMINP    ZMAT    AOBASIS   BASIS     P2S    ABASIS      S 
                                         1400     1410     1200     1210     1080     1600     1650     1700     1800   
                                           T        V       H0       H01     AOSYM     SMH    MOLCAS    OPER     GRID   

              2       6        7.61       700     1000      520     2100     1800     2200   
                                         GEOM     BASIS   MCVARS     RHF     GRID      UKS  

 PROGRAMS   *        TOTAL    DF-UKS     DF-HF       INT
 CPU TIMES  *         5.72      2.57      2.70      0.32
 REAL TIME  *         6.41 SEC
 DISK USED  *        38.89 MB (local),      155.54 MB (total)
 SF USED    *        34.96 MB
 GA USED    *         3.27 MB       (max)       2.09 MB       (current)
 **********************************************************************************************************************************


 PROGRAM * OPT (Geometry optimization)     Authors: F. Eckert and H.-J. Werner


 BFGS update of hessian


********** USER DEFINED INT/FIX/CONSTRAINTS ****************

List of primitive internal coordinates

     N      Name     Type   Natoms   Atom list

     1    Bo0001     Bond        2      H11  C6  
     2    Bo0002     Bond        2      H11  C17 
     3    An0001     Angle       3      C6   H11  C17 

List of user defined internal/fixed coordinates and constraints

- - - - - - - - - - - - - - - - - - - - - - - - - - - - - - - - - 
    N      Name   Type      Pname     Coeff       Value   Unit
- - - - - - - - - - - - - - - - - - - - - - - - - - - - - - - - - 
    1    Cns001    Con     Bo0001     1.000     3.60000 Angstrom
- - - - - - - - - - - - - - - - - - - - - - - - - - - - - - - - - 
    2    Cns002    Con     Bo0002     1.000     1.60000 Angstrom
- - - - - - - - - - - - - - - - - - - - - - - - - - - - - - - - - 
    3    Cns003    Con     An0001     1.000   180.00000   Degree
- - - - - - - - - - - - - - - - - - - - - - - - - - - - - - - - - 


******************************************************************



 *** Long output written to logfile /mnt/storage/home/lb17101/optimizations/11/11_3.60_1.60.log ***


 Geometry optimization using default procedure for command CF-UKS-SCF

 Geometry written to block  1 of record 700

 SLAPAF optimizer by R. Lindh and Ignacio F. Galvan entered

 Constraints section
ConstraintsConstraintsConstraintsConstraintsConstraintsConstraintsConstraintsConstraintsConstraintsConstraints
ConstraintsConstraintsConstraintsConstraintsConstraintsConstraintsConstraintsConstraintsConstraintsConstraints
Constraints                                                                                        Constraints
Constraints                                 C O N S T R A I N T S                                  Constraints
Constraints                                                                                        Constraints

************************************************************************************************************************
BO0001 = BOND       H11   C6
BO0002 = BOND       H11   C17
AN0001 = ANGLE      C6    H11   C17
VALUES
BO0001 =      3.60000000 ANGSTROM
BO0002 =      1.60000000 ANGSTROM
AN0001 =    180.00000000 DEGREE
************************************************************************************************************************


 *************************************************************
 * Values of the primitive constraints                       *
 *************************************************************
 BO0001   : Bond Length=  2.999786 / Angstrom  5.668774 / bohr
 BO0002   : Bond Length=  1.099993 / Angstrom  2.078686 / bohr
 AN0001   : Angle=      175.7129   / Degree    3.066769 / rad

 *******************************************
 * Values of the constraints   / au or rad *
 *******************************************
   Label        C         C0
 Cns001      5.668774  6.803014
 Cns002      2.078686  3.023562
 Cns003      3.066769  3.141593


 ITER.   ENERGY(OLD)    ENERGY(NEW)      DE          GRADMAX     GRADNORM    GRADRMS     STEPMAX     STEPLEN     STEPRMS   CPU-time
   1  -289.90953013  -289.90950908     0.00002105  0.00531371  0.00802366  0.00106276  0.10832136  0.23090378  0.00405094      2.90

 Constraints section
ConstraintsConstraintsConstraintsConstraintsConstraintsConstraintsConstraintsConstraintsConstraintsConstraints
ConstraintsConstraintsConstraintsConstraintsConstraintsConstraintsConstraintsConstraintsConstraintsConstraints
Constraints                                                                                        Constraints
Constraints                                 C O N S T R A I N T S                                  Constraints
Constraints                                                                                        Constraints

************************************************************************************************************************
BO0001 = BOND       H11   C6
BO0002 = BOND       H11   C17
AN0001 = ANGLE      C6    H11   C17
VALUES
BO0001 =      3.60000000 ANGSTROM
BO0002 =      1.60000000 ANGSTROM
AN0001 =    180.00000000 DEGREE
************************************************************************************************************************


 *************************************************************
 * Values of the primitive constraints                       *
 *************************************************************
 BO0001   : Bond Length=  3.000977 / Angstrom  5.671024 / bohr
 BO0002   : Bond Length=  1.100985 / Angstrom  2.080561 / bohr
 AN0001   : Angle=      175.7215   / Degree    3.066919 / rad

 *******************************************
 * Values of the constraints   / au or rad *
 *******************************************
   Label        C         C0
 Cns001      5.671024  6.803014
 Cns002      2.080561  3.023562
 Cns003      3.066919  3.141593

   2  -289.90950908  -289.90942515     0.00008393  0.00595208  0.00887102  0.00117500  0.09157212  0.19381348  0.00340024      5.64

 Constraints section
ConstraintsConstraintsConstraintsConstraintsConstraintsConstraintsConstraintsConstraintsConstraintsConstraints
ConstraintsConstraintsConstraintsConstraintsConstraintsConstraintsConstraintsConstraintsConstraintsConstraints
Constraints                                                                                        Constraints
Constraints                                 C O N S T R A I N T S                                  Constraints
Constraints                                                                                        Constraints

************************************************************************************************************************
BO0001 = BOND       H11   C6
BO0002 = BOND       H11   C17
AN0001 = ANGLE      C6    H11   C17
VALUES
BO0001 =      3.60000000 ANGSTROM
BO0002 =      1.60000000 ANGSTROM
AN0001 =    180.00000000 DEGREE
************************************************************************************************************************


 *************************************************************
 * Values of the primitive constraints                       *
 *************************************************************
 BO0001   : Bond Length=  3.003394 / Angstrom  5.675593 / bohr
 BO0002   : Bond Length=  1.102999 / Angstrom  2.084367 / bohr
 AN0001   : Angle=      175.7388   / Degree    3.067220 / rad

 *******************************************
 * Values of the constraints   / au or rad *
 *******************************************
   Label        C         C0
 Cns001      5.675593  6.803014
 Cns002      2.084367  3.023562
 Cns003      3.067220  3.141593

   3  -289.90942515  -289.90819609     0.00122906  0.00754624  0.01090893  0.00144492  0.48229634  1.03312493  0.01812500      8.71

 Constraints section
ConstraintsConstraintsConstraintsConstraintsConstraintsConstraintsConstraintsConstraintsConstraintsConstraints
ConstraintsConstraintsConstraintsConstraintsConstraintsConstraintsConstraintsConstraintsConstraintsConstraints
Constraints                                                                                        Constraints
Constraints                                 C O N S T R A I N T S                                  Constraints
Constraints                                                                                        Constraints

************************************************************************************************************************
BO0001 = BOND       H11   C6
BO0002 = BOND       H11   C17
AN0001 = ANGLE      C6    H11   C17
VALUES
BO0001 =      3.60000000 ANGSTROM
BO0002 =      1.60000000 ANGSTROM
AN0001 =    180.00000000 DEGREE
************************************************************************************************************************


 *************************************************************
 * Values of the primitive constraints                       *
 *************************************************************
 BO0001   : Bond Length=  3.017534 / Angstrom  5.702314 / bohr
 BO0002   : Bond Length=  1.114778 / Angstrom  2.106625 / bohr
 AN0001   : Angle=      175.8387   / Degree    3.068964 / rad

 *******************************************
 * Values of the constraints   / au or rad *
 *******************************************
   Label        C         C0
 Cns001      5.702314  6.803014
 Cns002      2.106625  3.023562
 Cns003      3.068964  3.141593

   4  -289.90819609  -289.90668970     0.00150639  0.01624299  0.02426373  0.00321381  0.26461106  0.55594650  0.00975345     11.68

 Constraints section
ConstraintsConstraintsConstraintsConstraintsConstraintsConstraintsConstraintsConstraintsConstraintsConstraints
ConstraintsConstraintsConstraintsConstraintsConstraintsConstraintsConstraintsConstraintsConstraintsConstraints
Constraints                                                                                        Constraints
Constraints                                 C O N S T R A I N T S                                  Constraints
Constraints                                                                                        Constraints

************************************************************************************************************************
BO0001 = BOND       H11   C6
BO0002 = BOND       H11   C17
AN0001 = ANGLE      C6    H11   C17
VALUES
BO0001 =      3.60000000 ANGSTROM
BO0002 =      1.60000000 ANGSTROM
AN0001 =    180.00000000 DEGREE
************************************************************************************************************************


 *************************************************************
 * Values of the primitive constraints                       *
 *************************************************************
 BO0001   : Bond Length=  3.033107 / Angstrom  5.731742 / bohr
 BO0002   : Bond Length=  1.127751 / Angstrom  2.131141 / bohr
 AN0001   : Angle=      175.9375   / Degree    3.070688 / rad

 *******************************************
 * Values of the constraints   / au or rad *
 *******************************************
   Label        C         C0
 Cns001      5.731742  6.803014
 Cns002      2.131141  3.023562
 Cns003      3.070688  3.141593

   5  -289.90668970  -289.90525946     0.00143024  0.02362611  0.03615993  0.00478950  0.13520442  0.28421971  0.00498631     14.62

 Constraints section
ConstraintsConstraintsConstraintsConstraintsConstraintsConstraintsConstraintsConstraintsConstraintsConstraints
ConstraintsConstraintsConstraintsConstraintsConstraintsConstraintsConstraintsConstraintsConstraintsConstraints
Constraints                                                                                        Constraints
Constraints                                 C O N S T R A I N T S                                  Constraints
Constraints                                                                                        Constraints

************************************************************************************************************************
BO0001 = BOND       H11   C6
BO0002 = BOND       H11   C17
AN0001 = ANGLE      C6    H11   C17
VALUES
BO0001 =      3.60000000 ANGSTROM
BO0002 =      1.60000000 ANGSTROM
AN0001 =    180.00000000 DEGREE
************************************************************************************************************************


 *************************************************************
 * Values of the primitive constraints                       *
 *************************************************************
 BO0001   : Bond Length=  3.049926 / Angstrom  5.763525 / bohr
 BO0002   : Bond Length=  1.141762 / Angstrom  2.157617 / bohr
 AN0001   : Angle=      176.0424   / Degree    3.072520 / rad

 *******************************************
 * Values of the constraints   / au or rad *
 *******************************************
   Label        C         C0
 Cns001      5.763525  6.803014
 Cns002      2.157617  3.023562
 Cns003      3.072520  3.141593

   6  -289.90525946  -289.90324078     0.00201868  0.02937962  0.04614028  0.00611143  0.17366666  0.36089575  0.00633150     17.49

 Constraints section
ConstraintsConstraintsConstraintsConstraintsConstraintsConstraintsConstraintsConstraintsConstraintsConstraints
ConstraintsConstraintsConstraintsConstraintsConstraintsConstraintsConstraintsConstraintsConstraintsConstraints
Constraints                                                                                        Constraints
Constraints                                 C O N S T R A I N T S                                  Constraints
Constraints                                                                                        Constraints

************************************************************************************************************************
BO0001 = BOND       H11   C6
BO0002 = BOND       H11   C17
AN0001 = ANGLE      C6    H11   C17
VALUES
BO0001 =      3.60000000 ANGSTROM
BO0002 =      1.60000000 ANGSTROM
AN0001 =    180.00000000 DEGREE
************************************************************************************************************************


 *************************************************************
 * Values of the primitive constraints                       *
 *************************************************************
 BO0001   : Bond Length=  3.070354 / Angstrom  5.802127 / bohr
 BO0002   : Bond Length=  1.158781 / Angstrom  2.189779 / bohr
 AN0001   : Angle=      176.1585   / Degree    3.074545 / rad

 *******************************************
 * Values of the constraints   / au or rad *
 *******************************************
   Label        C         C0
 Cns001      5.802127  6.803014
 Cns002      2.189779  3.023562
 Cns003      3.074545  3.141593

   7  -289.90324078  -289.90204917     0.00119161  0.03688427  0.05820298  0.00770917  0.08917224  0.18782106  0.00329511     20.37

 Constraints section
ConstraintsConstraintsConstraintsConstraintsConstraintsConstraintsConstraintsConstraintsConstraintsConstraints
ConstraintsConstraintsConstraintsConstraintsConstraintsConstraintsConstraintsConstraintsConstraintsConstraints
Constraints                                                                                        Constraints
Constraints                                 C O N S T R A I N T S                                  Constraints
Constraints                                                                                        Constraints

************************************************************************************************************************
BO0001 = BOND       H11   C6
BO0002 = BOND       H11   C17
AN0001 = ANGLE      C6    H11   C17
VALUES
BO0001 =      3.60000000 ANGSTROM
BO0002 =      1.60000000 ANGSTROM
AN0001 =    180.00000000 DEGREE
************************************************************************************************************************


 *************************************************************
 * Values of the primitive constraints                       *
 *************************************************************
 BO0001   : Bond Length=  3.082045 / Angstrom  5.824220 / bohr
 BO0002   : Bond Length=  1.168521 / Angstrom  2.208186 / bohr
 AN0001   : Angle=      176.2350   / Degree    3.075882 / rad

 *******************************************
 * Values of the constraints   / au or rad *
 *******************************************
   Label        C         C0
 Cns001      5.824220  6.803014
 Cns002      2.208186  3.023562
 Cns003      3.075882  3.141593

   8  -289.90204917  -289.90076559     0.00128358  0.04126511  0.06468815  0.00856815  0.14926404  0.31640304  0.00555093     23.34

 Constraints section
ConstraintsConstraintsConstraintsConstraintsConstraintsConstraintsConstraintsConstraintsConstraintsConstraints
ConstraintsConstraintsConstraintsConstraintsConstraintsConstraintsConstraintsConstraintsConstraintsConstraints
Constraints                                                                                        Constraints
Constraints                                 C O N S T R A I N T S                                  Constraints
Constraints                                                                                        Constraints

************************************************************************************************************************
BO0001 = BOND       H11   C6
BO0002 = BOND       H11   C17
AN0001 = ANGLE      C6    H11   C17
VALUES
BO0001 =      3.60000000 ANGSTROM
BO0002 =      1.60000000 ANGSTROM
AN0001 =    180.00000000 DEGREE
************************************************************************************************************************


 *************************************************************
 * Values of the primitive constraints                       *
 *************************************************************
 BO0001   : Bond Length=  3.090073 / Angstrom  5.839391 / bohr
 BO0002   : Bond Length=  1.175210 / Angstrom  2.220825 / bohr
 AN0001   : Angle=      176.2798   / Degree    3.076663 / rad

 *******************************************
 * Values of the constraints   / au or rad *
 *******************************************
   Label        C         C0
 Cns001      5.839391  6.803014
 Cns002      2.220825  3.023562
 Cns003      3.076663  3.141593

   9  -289.90076559  -289.89957010     0.00119549  0.04308327  0.06823085  0.00903740  0.04311831  0.10853324  0.00190409     26.29

 Constraints section
ConstraintsConstraintsConstraintsConstraintsConstraintsConstraintsConstraintsConstraintsConstraintsConstraints
ConstraintsConstraintsConstraintsConstraintsConstraintsConstraintsConstraintsConstraintsConstraintsConstraints
Constraints                                                                                        Constraints
Constraints                                 C O N S T R A I N T S                                  Constraints
Constraints                                                                                        Constraints

************************************************************************************************************************
BO0001 = BOND       H11   C6
BO0002 = BOND       H11   C17
AN0001 = ANGLE      C6    H11   C17
VALUES
BO0001 =      3.60000000 ANGSTROM
BO0002 =      1.60000000 ANGSTROM
AN0001 =    180.00000000 DEGREE
************************************************************************************************************************


 *************************************************************
 * Values of the primitive constraints                       *
 *************************************************************
 BO0001   : Bond Length=  3.101245 / Angstrom  5.860503 / bohr
 BO0002   : Bond Length=  1.184518 / Angstrom  2.238415 / bohr
 AN0001   : Angle=      176.3120   / Degree    3.077225 / rad

 *******************************************
 * Values of the constraints   / au or rad *
 *******************************************
   Label        C         C0
 Cns001      5.860503  6.803014
 Cns002      2.238415  3.023562
 Cns003      3.077225  3.141593

 Geometry section
 Geometry section
  10  -289.89957010  -289.89032373     0.00924636  0.04886845  0.07568557  0.01002480  0.47266659  1.04258734  0.01829101     29.52
 ? Warning
 ? No convergence in max. number of iterations

 END OF GEOMETRY OPTIMIZATION.

 Current geometry (xyz format, in Angstrom)

   19
 CF-UKS-SCF000/SVP  ENERGY=-289.89032373
 C         -8.1525031702        2.6772288242       -0.3489747322
 C         -6.6290984585        2.4629049765       -0.1052042615
 H         -8.4252020082        2.7944733018       -1.4125087998
 H         -8.5035701321        3.5892880168        0.1741637583
 H         -8.7303304465        1.8074433203        0.0298572148
 C         -5.7602386468        3.6697332962       -0.6041061036
 C         -6.1747248696        1.0989501834       -0.6867333761
 H         -6.5261169521        2.4740552442        1.0137324504
 H         -5.1611938246        3.3961980505       -1.4915836841
 H         -5.0601289201        4.0282066676        0.1761140230
 H         -6.4065135526        4.5243332216       -0.8894751543
 H         -7.1668707027        1.5234623842       -3.6553697774
 H         -6.9991701563        0.3556721348       -0.7936264051
 C         -4.7471259854        0.6276128335       -0.8151136577
 H         -4.0976659353        1.3682798328       -1.3351248998
 H         -4.6737223331       -0.3322102150       -1.3638059784
 H         -4.2656423367        0.4620256967        0.1805229354
 C         -7.6229466195        1.7368054339       -4.7801183080
 N         -7.9506349497        1.9250267961       -5.8773152439

 **********************************************************************************************************************************

 Geometry written to block  1 of record 700


 **********************************************************************************************************************************
 DATASETS  * FILE   NREC   LENGTH (MB)   RECORD NAMES
              1      19       31.21       500      610      700      900      950      970     1000      129      960     1100   
                                          VAR    BASINP    GEOM    SYMINP    ZMAT    AOBASIS   BASIS     P2S    ABASIS      S 
                                         1400     1410     1200     1210     1080     1600     1650     1700     1800   
                                           T        V       H0       H01     AOSYM     SMH    MOLCAS    OPER     GRID   

              2       7        7.90       700     1000      520     2100     1800     2200      520(1)
                                         GEOM     BASIS   MCVARS     RHF     GRID      UKS    MCVARS    

 PROGRAMS   *        TOTAL      OPTG    DF-UKS     DF-HF       INT
 CPU TIMES  *        35.24     29.52      2.57      2.70      0.32
 REAL TIME  *        37.55 SEC
 DISK USED  *        42.56 MB (local),      170.26 MB (total)
 SF USED    *        34.96 MB
 GA USED    *         3.27 MB       (max)       2.11 MB       (current)
 **********************************************************************************************************************************

 Density functional group PBE0=PBEX+PBEC
 Functional: PBEX(Automatically generated (new) PBEX)                          Gradient terms: 1
 Functional: PBEC(Automatically generated (new) PBEC)                          Gradient terms: 1
 Use libxcgrid:  F
 Use grid at  1800.2


 Exact exchange will be calculated, factor:  0.2500

 Functional: PBEX                      Factor:  0.7500
 Functional: PBEC                      Factor:  1.0000

  129907 words reserved for DFT integration

 PROGRAM * UKS-SCF (Unrestricted Kohn-Sham)     Authors: W. Meyer, H.-J. Werner, P.J. Knowles, 1993

 NUMBER OF ELECTRONS:      28+   27-    SPACE SYMMETRY=1    SPIN SYMMETRY: Doublet 
 CONVERGENCE THRESHOLDS:    1.00E-06 (Density)    1.00E-06 (Energy)
 INTEGRAL THRESHOLDS:       1.00E-11 (Initial)    1.00E-11 (Final)
 MAX. NUMBER OF ITERATIONS:       60
 INTERPOLATION TYPE:            DIIS
 INTERPOLATION STEPS:              2 (START)      1 (STEP)
 LEVEL SHIFTS:                 -0.20 (ALPHA)  -0.20 (BETA) 



 Use fine grid record 1800.2 for energy threshold  1.0D-06

 Coulomb fitting
 Screening thresholds:    THRAO_COUL= 1.0D-14    THRAO= 1.0D-12    THROV= 1.0D-12

 Reserved 1 MW to cache 100.0% of significant integrals (4 MW global). CPU: 0.1 sec

 Molecular orbitals read from record     2200.2  Type=UKS/ALPHA (state 1.1)
 Molecular orbitals read from record     2200.2  Type=UKS/BETA (state 1.1)

 Molecular orbital dump at record        2201.2

 Initial alpha occupation  28
 Initial beta  occupation  27

 Direct Fock-matrix evaluation.        Author: H.-J. Werner (1996)

 Integral Threshold:                  0.1D-09

 ITERATION   DDIFF            GRAD            ENERGY        2-EL.EN.            DIPOLE MOMENTS         DIIS   CPU(IT)  CPU(TOT)
    1      0.000D+00      0.000D+00      -289.92849592    775.427608    0.53801   -0.15881    1.39798    0      2.3      2.3
    2      0.143D-02      0.571D-03      -289.93149039    775.033677    0.54202   -0.16930    1.42671    1      1.7      4.1
    3      0.544D-03      0.122D-03      -289.93186169    775.199907    0.54239   -0.17055    1.43391    2      1.8      5.8
    4      0.262D-03      0.455D-04      -289.93195826    775.149973    0.54155   -0.17188    1.43802    3      1.7      7.5
    5      0.100D-03      0.245D-04      -289.93197817    775.185782    0.53757   -0.17041    1.42770    4      1.7      9.2
    6      0.439D-04      0.166D-04      -289.93198409    775.203744    0.53818   -0.17135    1.43148    5      1.6     10.8
    7      0.320D-04      0.635D-05      -289.93198588    775.193703    0.53707   -0.17102    1.42840    6      1.6     12.4
    8      0.123D-04      0.189D-05      -289.93198607    775.193993    0.53677   -0.17110    1.42774    7      1.6     14.0
    9      0.493D-05      0.908D-06      -289.93198610    775.194470    0.53667   -0.17106    1.42746    8      1.6     15.5
   10      0.134D-05      0.217D-06      -289.93198610    775.194554    0.53667   -0.17106    1.42739    8      1.5     17.0
   11      0.423D-06      0.859D-07      -289.93198610    775.194489    0.53666   -0.17106    1.42737    9      1.4     18.4
   12      0.153D-06      0.271D-07      -289.93198610    775.194513    0.53666   -0.17106    1.42737    8      1.4     19.8

 Final alpha occupancy:  28
 Final beta  occupancy:  27

 !UKS STATE  1.1 Energy              -289.931986100869
 Nuclear energy                       260.67476507
 One-electron energy                 -905.36926077
 Two-electron energy                  387.59725628
 Density functional                   -32.83474669     PBEX=-41.44084247 PBEC= -1.75411484
 Virial quotient                       -1.01305120
 !UKS STATE  1.1 Dipole moment          0.53666024    -0.17105576     1.42736746
 Dipole moment /Debye                   1.36396494    -0.43475190     3.62776860

 Orbital energies for positive spin:

         1.1          2.1          3.1          4.1          5.1          6.1          7.1          8.1          9.1         10.1
    -14.408095   -10.293203   -10.260900   -10.259150   -10.246430   -10.237731   -10.236601    -0.928425    -0.827056    -0.757746

        11.1         12.1         13.1         14.1         15.1         16.1         17.1         18.1         19.1         20.1
     -0.702483    -0.643971    -0.569791    -0.564339    -0.481537    -0.461896    -0.449512    -0.430567    -0.411929    -0.399304

        21.1         22.1         23.1         24.1         25.1         26.1         27.1         28.1         29.1         30.1
     -0.386329    -0.385419    -0.368476    -0.368314    -0.355543    -0.352161    -0.346929    -0.218550     0.016259     0.026908

 Orbital energies for negative spin:

         1.1          2.1          3.1          4.1          5.1          6.1          7.1          8.1          9.1         10.1
    -14.408105   -10.293056   -10.260296   -10.247565   -10.245567   -10.237476   -10.236056    -0.928362    -0.817140    -0.748528

        11.1         12.1         13.1         14.1         15.1         16.1         17.1         18.1         19.1         20.1
     -0.701413    -0.632149    -0.567671    -0.552265    -0.474621    -0.458264    -0.444806    -0.418245    -0.411337    -0.397538

        21.1         22.1         23.1         24.1         25.1         26.1         27.1         28.1         29.1         30.1
     -0.386161    -0.381779    -0.368402    -0.368244    -0.350600    -0.350176    -0.340852    -0.053797     0.020727     0.028548


 HOMO     28.1    -0.218550 =      -5.9470eV
 LUMO    -28.1    -0.053797 =      -1.4639eV
 LUMO-HOMO         0.164753 =       4.4832eV

 EXPECTATION VALUE OF S**2:             0.75517199

 Occupation number threshold for pseudo-canonical orbitals: 1.9990 (occupied), 0.0010 (virtual)

 Number of pseudo-canonical occupied orbitals per symmetry:   26
 Number of active natural orbitals per symmetry:               3

 Natural orbitals saved to record    2201.2 (Orbital set 3)

 Orbital spaces for UNO-CAS (Min. occupation: 0.020  Max. occupation: 1.980):

 Closed:       27
 Active:        1


 **********************************************************************************************************************************
 DATASETS  * FILE   NREC   LENGTH (MB)   RECORD NAMES
              1      19       31.21       500      610      700      900      950      970     1000      129      960     1100   
                                          VAR    BASINP    GEOM    SYMINP    ZMAT    AOBASIS   BASIS     P2S    ABASIS      S 
                                         1400     1410     1200     1210     1080     1600     1650     1700     1800   
                                           T        V       H0       H01     AOSYM     SMH    MOLCAS    OPER     GRID   

              2       8       11.41       700     1000      520     2100     1800     2200      520(1)  2201   
                                         GEOM     BASIS   MCVARS     RHF     GRID      UKS    MCVARS     UKS  

 PROGRAMS   *        TOTAL    DF-UKS      OPTG    DF-UKS     DF-HF       INT
 CPU TIMES  *        55.07     19.83     29.52      2.57      2.70      0.32
 REAL TIME  *        58.20 SEC
 DISK USED  *        42.68 MB (local),      170.72 MB (total)
 SF USED    *        34.96 MB
 GA USED    *         3.27 MB       (max)       2.11 MB       (current)
 **********************************************************************************************************************************


 PROGRAM * OPT (Geometry optimization)     Authors: F. Eckert and H.-J. Werner


 BFGS update of hessian


********** USER DEFINED INT/FIX/CONSTRAINTS ****************

List of primitive internal coordinates

     N      Name     Type   Natoms   Atom list

     1    Bo0001     Bond        2      H11  C6  
     2    Bo0002     Bond        2      H11  C17 
     3    An0001     Angle       3      C6   H11  C17 

List of user defined internal/fixed coordinates and constraints

- - - - - - - - - - - - - - - - - - - - - - - - - - - - - - - - - 
    N      Name   Type      Pname     Coeff       Value   Unit
- - - - - - - - - - - - - - - - - - - - - - - - - - - - - - - - - 
    1    Cns001    Con     Bo0001     1.000     3.60000 Angstrom
- - - - - - - - - - - - - - - - - - - - - - - - - - - - - - - - - 
    2    Cns002    Con     Bo0002     1.000     1.60000 Angstrom
- - - - - - - - - - - - - - - - - - - - - - - - - - - - - - - - - 
    3    Cns003    Con     An0001     1.000   180.00000   Degree
- - - - - - - - - - - - - - - - - - - - - - - - - - - - - - - - - 


******************************************************************



 Geometry optimization using default procedure for command CF-UKS-SCF

 Geometry written to block  1 of record 700

 SLAPAF optimizer by R. Lindh and Ignacio F. Galvan entered

 Constraints section
ConstraintsConstraintsConstraintsConstraintsConstraintsConstraintsConstraintsConstraintsConstraintsConstraints
ConstraintsConstraintsConstraintsConstraintsConstraintsConstraintsConstraintsConstraintsConstraintsConstraints
Constraints                                                                                        Constraints
Constraints                                 C O N S T R A I N T S                                  Constraints
Constraints                                                                                        Constraints

************************************************************************************************************************
BO0001 = BOND       H11   C6
BO0002 = BOND       H11   C17
AN0001 = ANGLE      C6    H11   C17
VALUES
BO0001 =      3.60000000 ANGSTROM
BO0002 =      1.60000000 ANGSTROM
AN0001 =    180.00000000 DEGREE
************************************************************************************************************************


 *************************************************************
 * Values of the primitive constraints                       *
 *************************************************************
 BO0001   : Bond Length=  3.158697 / Angstrom  5.969072 / bohr
 BO0002   : Bond Length=  1.232307 / Angstrom  2.328722 / bohr
 AN0001   : Angle=      175.8000   / Degree    3.068289 / rad

 *******************************************
 * Values of the constraints   / au or rad *
 *******************************************
   Label        C         C0
 Cns001      5.969072  6.803014
 Cns002      2.328722  3.023562
 Cns003      3.068289  3.141593


 ITER.   ENERGY(OLD)    ENERGY(NEW)      DE          GRADMAX     GRADNORM    GRADRMS     STEPMAX     STEPLEN     STEPRMS   CPU-time
   1  -289.93198610  -289.92233084     0.00965526  0.06641592  0.10425318  0.01380867  0.44787651  1.24506413  0.02184323     26.03
